Sun Oct 12 17:14:29 2025
 Подключение к базе данных установлено
Sun Oct 12 17:14:29 2025
 Соединение с базой данных закрыто
Sun Oct 12 17:15:43 2025
 Подключение к базе данных установлено
Sun Oct 12 17:15:43 2025
 Соединение с базой данных закрыто
Sun Oct 12 17:18:29 2025
 Подключение к базе данных установлено
Sun Oct 12 17:18:29 2025
 Соединение с базой данных закрыто
Sun Oct 12 17:25:27 2025
 Подключение к базе данных установлено
Sun Oct 12 17:25:27 2025
 Добавлен клиент: Иван Петров
Sun Oct 12 17:25:27 2025
 Найден клиент с ID: 1
Sun Oct 12 17:25:27 2025
 Удален клиент с ID: 1
Sun Oct 12 17:25:27 2025
 Соединение с базой данных закрыто
Sun Oct 12 17:33:27 2025
 Подключение к базе данных установлено
Sun Oct 12 17:33:27 2025
 Добавлен клиент: Иван Петров
Sun Oct 12 17:33:27 2025
 Найден клиент с ID: 1
Sun Oct 12 17:33:27 2025
 Удален клиент с ID: 1
Sun Oct 12 17:33:27 2025
 Соединение с базой данных закрыто
Sun Oct 12 17:34:38 2025
 Подключение к базе данных установлено
Sun Oct 12 17:34:38 2025
 Добавлен клиент: Иван Петров
Sun Oct 12 17:34:38 2025
 Найден клиент с ID: 1
Sun Oct 12 17:34:38 2025
 Удален клиент с ID: 1
Sun Oct 12 17:34:38 2025
 Соединение с базой данных закрыто
Thu Oct 16 17:41:17 2025
 Подключение к базе данных установлено
Thu Oct 16 17:41:17 2025
 Добавлен клиент: Иван Иванов
Thu Oct 16 17:41:17 2025
 Найден клиент с ID: 1
Thu Oct 16 17:41:17 2025
 Удален клиент с ID: 1
Thu Oct 16 17:41:17 2025
 Соединение с базой данных закрыто
Thu Oct 16 19:12:22 2025
 Подключение к базе данных установлено
Thu Oct 16 19:12:22 2025
 Добавлен клиент: Иван Иванов
Thu Oct 16 19:12:22 2025
 Найден клиент с ID: 1
Thu Oct 16 19:12:22 2025
 Удален клиент с ID: 1
Thu Oct 16 19:12:22 2025
 Соединение с базой данных закрыто
